0 info it worked if it ends with ok
1 verbose cli [ 'C:\\Program Files\\nodejs\\node.exe',
1 verbose cli   'C:\\Program Files\\nodejs\\node_modules\\npm\\bin\\npm-cli.js',
1 verbose cli   'start' ]
2 info using npm@3.10.10
3 info using node@v6.10.0
4 verbose run-script [ 'prestart', 'start', 'poststart' ]
5 info lifecycle memes@1.0.0~prestart: memes@1.0.0
6 silly lifecycle memes@1.0.0~prestart: no script for prestart, continuing
7 info lifecycle memes@1.0.0~start: memes@1.0.0
8 verbose lifecycle memes@1.0.0~start: unsafe-perm in lifecycle true
9 verbose lifecycle memes@1.0.0~start: PATH: C:\Program Files\nodejs\node_modules\npm\bin\node-gyp-bin;C:\Users\sundi024\Desktop\memes\node_modules\.bin;C:\Program Files\Python35\Scripts\;C:\Program Files\Python35\;C:\ProgramData\Oracle\Java\javapath;C:\Program Files (x86)\NVIDIA Corporation\PhysX\Common;C:\Windows\system32;C:\Windows;C:\Windows\System32\Wbem;C:\Windows\System32\WindowsPowerShell\v1.0\;C:\Program Files (x86)\AMD\ATI.ACE\Core-Static;C:\Program Files\MATLAB\R2014b\runtime\win64;C:\Program Files\MATLAB\R2014b\bin;C:\Cadence\SPB_16.6\tools\pcb\bin;C:\Cadence\SPB_16.6\tools\bin;C:\Cadence\SPB_16.6\tools\libutil\bin;C:\Cadence\SPB_16.6\tools\fet\bin;C:\Cadence\SPB_16.6\tools\specctra\bin;C:\Cadence\SPB_16.6\tools\pspice;C:\Cadence\SPB_16.6\tools\capture;C:\Cadence\SPB_16.6\openaccess\bin\win32\opt;C:\Program Files (x86)\Windows Kits\8.1\Windows Performance Toolkit\;C:\Program Files\Microsoft SQL Server\110\Tools\Binn\;C:\Program Files\Microsoft\Web Platform Installer\;C:\Program Files\SourceGear\Common\DiffMerge\;C:\Program Files (x86)\Git\cmd;C:\Program Files (x86)\MySQL\MySQL Fabric 1.5 & MySQL Utilities 1.5\;C:\Program Files (x86)\MySQL\MySQL Fabric 1.5 & MySQL Utilities 1.5\Doctrine extensions for PHP\;C:\Program Files (x86)\Microchip\xc8\v1.33\bin;C:\Program Files (x86)\Microchip\xc16\v1.23\bin;C:\Program Files (x86)\Microchip\xc32\v1.34\bin;C:\Program Files (x86)\Microsoft SDKs\TypeScript\1.0\;C:\Program Files\Microsoft SQL Server\120\Tools\Binn\;C:\Windows\System32\WindowsPowerShell\v1.0\;C:\Windows\System32\WindowsPowerShell\v1.0\;C:\Program Files\nodejs\;C:\Users\sundi024\AppData\Roaming\npm
10 verbose lifecycle memes@1.0.0~start: CWD: C:\Users\sundi024\Desktop\memes
11 silly lifecycle memes@1.0.0~start: Args: [ '/d /s /c', 'node server.js' ]
12 silly lifecycle memes@1.0.0~start: Returned: code: 1  signal: null
13 info lifecycle memes@1.0.0~start: Failed to exec start script
14 verbose stack Error: memes@1.0.0 start: `node server.js`
14 verbose stack Exit status 1
14 verbose stack     at EventEmitter.<anonymous> (C:\Program Files\nodejs\node_modules\npm\lib\utils\lifecycle.js:255:16)
14 verbose stack     at emitTwo (events.js:106:13)
14 verbose stack     at EventEmitter.emit (events.js:191:7)
14 verbose stack     at ChildProcess.<anonymous> (C:\Program Files\nodejs\node_modules\npm\lib\utils\spawn.js:40:14)
14 verbose stack     at emitTwo (events.js:106:13)
14 verbose stack     at ChildProcess.emit (events.js:191:7)
14 verbose stack     at maybeClose (internal/child_process.js:877:16)
14 verbose stack     at Process.ChildProcess._handle.onexit (internal/child_process.js:226:5)
15 verbose pkgid memes@1.0.0
16 verbose cwd C:\Users\sundi024\Desktop\memes
17 error Windows_NT 6.1.7601
18 error argv "C:\\Program Files\\nodejs\\node.exe" "C:\\Program Files\\nodejs\\node_modules\\npm\\bin\\npm-cli.js" "start"
19 error node v6.10.0
20 error npm  v3.10.10
21 error code ELIFECYCLE
22 error memes@1.0.0 start: `node server.js`
22 error Exit status 1
23 error Failed at the memes@1.0.0 start script 'node server.js'.
23 error Make sure you have the latest version of node.js and npm installed.
23 error If you do, this is most likely a problem with the memes package,
23 error not with npm itself.
23 error Tell the author that this fails on your system:
23 error     node server.js
23 error You can get information on how to open an issue for this project with:
23 error     npm bugs memes
23 error Or if that isn't available, you can get their info via:
23 error     npm owner ls memes
23 error There is likely additional logging output above.
24 verbose exit [ 1, true ]
